INFO  | 2022-04-15 15:54:33 | [http-nio-8082-exec-4] filter.CustomFilter (CustomFilter.java:90) - *********PRE Filter **************
INFO  | 2022-04-15 15:54:33 | [http-nio-8082-exec-4] filter.CustomFilter (CustomFilter.java:73) - ********KEY: accept-encoding
INFO  | 2022-04-15 15:54:33 | [http-nio-8082-exec-4] filter.CustomFilter (CustomFilter.java:73) - ********KEY: content-type
INFO  | 2022-04-15 15:54:33 | [http-nio-8082-exec-4] filter.CustomFilter (CustomFilter.java:73) - ********KEY: data
INFO  | 2022-04-15 15:54:33 | [http-nio-8082-exec-4] filter.CustomFilter (CustomFilter.java:73) - ********KEY: content-length
INFO  | 2022-04-15 15:54:33 | [http-nio-8082-exec-4] filter.CustomFilter (CustomFilter.java:73) - ********KEY: host
INFO  | 2022-04-15 15:54:33 | [http-nio-8082-exec-4] filter.CustomFilter (CustomFilter.java:73) - ********KEY: connection
INFO  | 2022-04-15 15:54:33 | [http-nio-8082-exec-4] filter.CustomFilter (CustomFilter.java:73) - ********KEY: user-agent
INFO  | 2022-04-15 15:54:33 | [reactor-http-nio-3] filter.CustomFilter (CustomFilter.java:101) - *********POST Filter **************
INFO  | 2022-04-15 15:54:33 | [reactor-http-nio-3] filter.CustomFilter (CustomFilter.java:73) - ********KEY: Content-Type
INFO  | 2022-04-15 15:54:33 | [reactor-http-nio-3] filter.CustomFilter (CustomFilter.java:73) - ********KEY: Date
INFO  | 2022-04-15 15:54:33 | [reactor-http-nio-3] filter.CustomFilter (CustomFilter.java:73) - ********KEY: content-length
INFO  | 2022-04-19 09:34:57 | [background-preinit] util.Version (Version.java:21) - HV000001: Hibernate Validator 6.2.0.Final
INFO  | 2022-04-19 09:34:57 | [main] boot.StartupInfoLogger (StartupInfoLogger.java:55) - Starting Application using Java 12.0.2 on JOHN8CBB with PID 9912 (C:\Users\john\eclipse-workspace\gateway\target\classes started by john in C:\Users\john\eclipse-workspace\gateway)
INFO  | 2022-04-19 09:34:57 | [main] boot.SpringApplication (SpringApplication.java:635) - No active profile set, falling back to default profiles: default
INFO  | 2022-04-19 09:34:59 | [main] scope.GenericScope (GenericScope.java:283) - BeanFactory id=a6deec4a-c210-3164-95d5-4333e634c181
INFO  | 2022-04-19 09:34:59 | [main] tomcat.TomcatWebServer (TomcatWebServer.java:108) - Tomcat initialized with port(s): 8082 (http)
INFO  | 2022-04-19 09:34:59 | [main] logging.DirectJDKLog (DirectJDKLog.java:173) - Initializing ProtocolHandler ["http-nio-8082"]
INFO  | 2022-04-19 09:34:59 | [main] logging.DirectJDKLog (DirectJDKLog.java:173) - Starting service [Tomcat]
INFO  | 2022-04-19 09:34:59 | [main] logging.DirectJDKLog (DirectJDKLog.java:173) - Starting Servlet engine: [Apache Tomcat/9.0.55]
INFO  | 2022-04-19 09:35:01 | [main] route.RouteDefinitionRouteLocator (RouteDefinitionRouteLocator.java:88) - Loaded RoutePredicateFactory [After]
INFO  | 2022-04-19 09:35:01 | [main] route.RouteDefinitionRouteLocator (RouteDefinitionRouteLocator.java:88) - Loaded RoutePredicateFactory [Before]
INFO  | 2022-04-19 09:35:01 | [main] route.RouteDefinitionRouteLocator (RouteDefinitionRouteLocator.java:88) - Loaded RoutePredicateFactory [Between]
INFO  | 2022-04-19 09:35:01 | [main] route.RouteDefinitionRouteLocator (RouteDefinitionRouteLocator.java:88) - Loaded RoutePredicateFactory [Cookie]
INFO  | 2022-04-19 09:35:01 | [main] route.RouteDefinitionRouteLocator (RouteDefinitionRouteLocator.java:88) - Loaded RoutePredicateFactory [Header]
INFO  | 2022-04-19 09:35:01 | [main] route.RouteDefinitionRouteLocator (RouteDefinitionRouteLocator.java:88) - Loaded RoutePredicateFactory [Host]
INFO  | 2022-04-19 09:35:01 | [main] route.RouteDefinitionRouteLocator (RouteDefinitionRouteLocator.java:88) - Loaded RoutePredicateFactory [Method]
INFO  | 2022-04-19 09:35:01 | [main] route.RouteDefinitionRouteLocator (RouteDefinitionRouteLocator.java:88) - Loaded RoutePredicateFactory [Path]
INFO  | 2022-04-19 09:35:01 | [main] route.RouteDefinitionRouteLocator (RouteDefinitionRouteLocator.java:88) - Loaded RoutePredicateFactory [Query]
INFO  | 2022-04-19 09:35:01 | [main] route.RouteDefinitionRouteLocator (RouteDefinitionRouteLocator.java:88) - Loaded RoutePredicateFactory [ReadBody]
INFO  | 2022-04-19 09:35:01 | [main] route.RouteDefinitionRouteLocator (RouteDefinitionRouteLocator.java:88) - Loaded RoutePredicateFactory [RemoteAddr]
INFO  | 2022-04-19 09:35:01 | [main] route.RouteDefinitionRouteLocator (RouteDefinitionRouteLocator.java:88) - Loaded RoutePredicateFactory [XForwardedRemoteAddr]
INFO  | 2022-04-19 09:35:01 | [main] route.RouteDefinitionRouteLocator (RouteDefinitionRouteLocator.java:88) - Loaded RoutePredicateFactory [Weight]
INFO  | 2022-04-19 09:35:01 | [main] route.RouteDefinitionRouteLocator (RouteDefinitionRouteLocator.java:88) - Loaded RoutePredicateFactory [CloudFoundryRouteService]
INFO  | 2022-04-19 09:35:01 | [main] web.EndpointLinksResolver (EndpointLinksResolver.java:58) - Exposing 1 endpoint(s) beneath base path '/actuator'
INFO  | 2022-04-19 09:35:02 | [main] logging.DirectJDKLog (DirectJDKLog.java:173) - Starting ProtocolHandler ["http-nio-8082"]
INFO  | 2022-04-19 09:35:02 | [main] tomcat.TomcatWebServer (TomcatWebServer.java:220) - Tomcat started on port(s): 8082 (http) with context path ''
INFO  | 2022-04-19 09:35:02 | [main] boot.StartupInfoLogger (StartupInfoLogger.java:61) - Started Application in 5.871 seconds (JVM running for 8.295)
INFO  | 2022-04-19 09:35:08 | [http-nio-8082-exec-1] filter.CustomFilter (CustomFilter.java:92) - *********PRE Filter **************
INFO  | 2022-04-19 09:35:08 | [http-nio-8082-exec-1] filter.CustomFilter (CustomFilter.java:75) - ********KEY: accept-encoding
INFO  | 2022-04-19 09:35:08 | [http-nio-8082-exec-1] filter.CustomFilter (CustomFilter.java:75) - ********KEY: content-type
INFO  | 2022-04-19 09:35:08 | [http-nio-8082-exec-1] filter.CustomFilter (CustomFilter.java:75) - ********KEY: data
INFO  | 2022-04-19 09:35:08 | [http-nio-8082-exec-1] filter.CustomFilter (CustomFilter.java:75) - ********KEY: content-length
INFO  | 2022-04-19 09:35:08 | [http-nio-8082-exec-1] filter.CustomFilter (CustomFilter.java:75) - ********KEY: host
INFO  | 2022-04-19 09:35:08 | [http-nio-8082-exec-1] filter.CustomFilter (CustomFilter.java:75) - ********KEY: connection
INFO  | 2022-04-19 09:35:08 | [http-nio-8082-exec-1] filter.CustomFilter (CustomFilter.java:75) - ********KEY: user-agent
INFO  | 2022-04-19 09:35:09 | [reactor-http-nio-2] filter.CustomFilter (CustomFilter.java:103) - *********POST Filter **************
INFO  | 2022-04-19 09:35:09 | [reactor-http-nio-2] filter.CustomFilter (CustomFilter.java:75) - ********KEY: Content-Type
INFO  | 2022-04-19 09:35:09 | [reactor-http-nio-2] filter.CustomFilter (CustomFilter.java:75) - ********KEY: Date
INFO  | 2022-04-19 09:35:09 | [reactor-http-nio-2] filter.CustomFilter (CustomFilter.java:75) - ********KEY: content-length
INFO  | 2022-04-19 09:35:09 | [reactor-http-nio-2] config.ResponseBodyRewrite (ResponseBodyRewrite.java:28) - {"stage":{"back":[{"code":"PC300"},{"code":"PC200"}],"studentId":"24753f48-c517-4b86-92e4-d07da3eeb834","staus":"FC001","details":"Student Register completed"},"product":[{"cost":123.5,"period":"201402","transactionDate":"20120816","startDate":"20210714","productCode":"GOI78","studentId":"67f99418-3b7d-46e1-ae87-9d6052f5cee3 ","creditCardType":"MASTER","forwardTo":"APH","holdDate":"20220831","collegeName":"Fortis Community College","collegeCatolog":"1234567890123456","collegeType":"P","method":"YUN","isAction":null}]}
